QuickNews/build/outputs/logs/manifest-merger-debug-report.txt
-- Merging decision tree log ---
manifest
ADDED from ZZBeiJingNews\QuickNews\AndroidManifest.xml:2:1-95:12
	package
		ADDED from ZZBeiJingNews\QuickNews\AndroidManifest.xml:4:5-34
	android:versionName
		ADDED from ZZBeiJingNews\QuickNews\AndroidManifest.xml:6:5-30
		INJECTED from ZZBeiJingNews\QuickNews\AndroidManifest.xml
		INJECTED from ZZBeiJingNews\QuickNews\AndroidManifest.xml
	xmlns:tools
		ADDED from ZZBeiJingNews\QuickNews\AndroidManifest.xml:3:5-51
	android:versionCode
		ADDED from ZZBeiJingNews\QuickNews\AndroidManifest.xml:5:5-28
		INJECTED from ZZBeiJingNews\QuickNews\AndroidManifest.xml
		INJECTED from ZZBeiJingNews\QuickNews\AndroidManifest.xml
	xmlns:android
		ADDED from ZZBeiJingNews\QuickNews\AndroidManifest.xml:2:11-69
uses-sdk
ADDED from ZZBeiJingNews\QuickNews\AndroidManifest.xml:8:5-10:41
MERGED from [ZZBeiJingNews:vitamio:unspecified] AndroidManifest.xml:7:5-9:41
	android:targetSdkVersion
		ADDED from ZZBeiJingNews\QuickNews\AndroidManifest.xml:10:9-38
	android:minSdkVersion
		ADDED from ZZBeiJingNews\QuickNews\AndroidManifest.xml:9:9-35
uses-permission#android.permission.ACCESS_NETWORK_STATE
ADDED from ZZBeiJingNews\QuickNews\AndroidManifest.xml:12:5-79
MERGED from [ZZBeiJingNews:vitamio:unspecified] AndroidManifest.xml:13:5-79
	android:name
		ADDED from ZZBeiJingNews\QuickNews\AndroidManifest.xml:12:22-76
uses-permission#android.permission.INTERNET
ADDED from ZZBeiJingNews\QuickNews\AndroidManifest.xml:13:5-67
MERGED from [ZZBeiJingNews:vitamio:unspecified] AndroidManifest.xml:12:5-67
	android:name
		ADDED from ZZBeiJingNews\QuickNews\AndroidManifest.xml:13:22-64
uses-permission#android.permission.ACCESS_WIFI_STATE
ADDED from ZZBeiJingNews\QuickNews\AndroidManifest.xml:14:5-92
	android:name
		ADDED from ZZBeiJingNews\QuickNews\AndroidManifest.xml:14:22-73
uses-permission#android.permission.READ_PHONE_STATE
ADDED from ZZBeiJingNews\QuickNews\AndroidManifest.xml:15:5-91
	android:name
		ADDED from ZZBeiJingNews\QuickNews\AndroidManifest.xml:15:22-72
uses-permission#android.permission.MOUNT_UNMOUNT_FILESYSTEMS
ADDED from ZZBeiJingNews\QuickNews\AndroidManifest.xml:17:5-84
	android:name
		ADDED from ZZBeiJingNews\QuickNews\AndroidManifest.xml:17:22-81
uses-permission#android.permission.WRITE_EXTERNAL_STORAGE
ADDED from ZZBeiJingNews\QuickNews\AndroidManifest.xml:19:5-81
	android:name
		ADDED from ZZBeiJingNews\QuickNews\AndroidManifest.xml:19:22-78
uses-permission#android.permission.VIBRATE
ADDED from ZZBeiJingNews\QuickNews\AndroidManifest.xml:21:5-66
	android:name
		ADDED from ZZBeiJingNews\QuickNews\AndroidManifest.xml:21:22-63
uses-permission#android.permission.WAKE_LOCK
ADDED from ZZBeiJingNews\QuickNews\AndroidManifest.xml:22:5-68
MERGED from [ZZBeiJingNews:vitamio:unspecified] AndroidManifest.xml:11:5-68
	android:name
		ADDED from ZZBeiJingNews\QuickNews\AndroidManifest.xml:22:22-65
uses-permission#android.permission.READ_EXTERNAL_STORAGE
ADDED from ZZBeiJingNews\QuickNews\AndroidManifest.xml:23:5-80
	android:name
		ADDED from ZZBeiJingNews\QuickNews\AndroidManifest.xml:23:22-77
application
ADDED from ZZBeiJingNews\QuickNews\AndroidManifest.xml:26:5-93:19
MERGED from [ZZBeiJingNews:vitamio:unspecified] AndroidManifest.xml:15:5-24:19
	android:label
		ADDED from ZZBeiJingNews\QuickNews\AndroidManifest.xml:30:9-41
		REJECTED from [ZZBeiJingNews:vitamio:unspecified] AndroidManifest.xml:17:9-32
	android:allowBackup
		ADDED from ZZBeiJingNews\QuickNews\AndroidManifest.xml:28:9-35
	android:icon
		ADDED from ZZBeiJingNews\QuickNews\AndroidManifest.xml:29:9-42
		REJECTED from [ZZBeiJingNews:vitamio:unspecified] AndroidManifest.xml:16:9-45
	android:theme
		ADDED from ZZBeiJingNews\QuickNews\AndroidManifest.xml:31:9-44
	tools:replace
		ADDED from ZZBeiJingNews\QuickNews\AndroidManifest.xml:32:9-51
	android:name
		ADDED from ZZBeiJingNews\QuickNews\AndroidManifest.xml:27:9-48
activity#io.vov.vitamio.activity.InitActivity
ADDED from ZZBeiJingNews\QuickNews\AndroidManifest.xml:33:9-40:45
MERGED from [ZZBeiJingNews:vitamio:unspecified] AndroidManifest.xml:18:9-23:63
	android:screenOrientation
		ADDED from ZZBeiJingNews\QuickNews\AndroidManifest.xml:37:13-49
	android:launchMode
		ADDED from ZZBeiJingNews\QuickNews\AndroidManifest.xml:36:13-43
	android:windowSoftInputMode
		ADDED from ZZBeiJingNews\QuickNews\AndroidManifest.xml:39:13-60
	android:configChanges
		ADDED from ZZBeiJingNews\QuickNews\AndroidManifest.xml:35:13-113
	android:theme
		ADDED from ZZBeiJingNews\QuickNews\AndroidManifest.xml:38:13-49
		REJECTED from [ZZBeiJingNews:vitamio:unspecified] AndroidManifest.xml:22:13-44
	tools:replace
		ADDED from ZZBeiJingNews\QuickNews\AndroidManifest.xml:40:13-42
	android:name
		ADDED from ZZBeiJingNews\QuickNews\AndroidManifest.xml:34:13-64
activity#com.tiger.quicknews.activity.WelcomeActivity_
ADDED from ZZBeiJingNews\QuickNews\AndroidManifest.xml:41:9-50:20
	android:label
		ADDED from ZZBeiJingNews\QuickNews\AndroidManifest.xml:44:13-45
	android:theme
		ADDED from ZZBeiJingNews\QuickNews\AndroidManifest.xml:43:13-49
	android:name
		ADDED from ZZBeiJingNews\QuickNews\AndroidManifest.xml:42:13-54
intent-filter#android.intent.action.MAIN+android.intent.category.LAUNCHER
ADDED from ZZBeiJingNews\QuickNews\AndroidManifest.xml:45:13-49:29
action#android.intent.action.MAIN
ADDED from ZZBeiJingNews\QuickNews\AndroidManifest.xml:46:17-69
	android:name
		ADDED from ZZBeiJingNews\QuickNews\AndroidManifest.xml:46:25-66
category#android.intent.category.LAUNCHER
ADDED from ZZBeiJingNews\QuickNews\AndroidManifest.xml:48:17-77
	android:name
		ADDED from ZZBeiJingNews\QuickNews\AndroidManifest.xml:48:27-74
activity#com.tiger.quicknews.activity.MainActivity_
ADDED from ZZBeiJingNews\QuickNews\AndroidManifest.xml:51:9-60
	android:name
		ADDED from ZZBeiJingNews\QuickNews\AndroidManifest.xml:51:19-57
activity#com.tiger.quicknews.activity.ChannelActivity_
ADDED from ZZBeiJingNews\QuickNews\AndroidManifest.xml:52:9-63
	android:name
		ADDED from ZZBeiJingNews\QuickNews\AndroidManifest.xml:52:19-60
activity#com.tiger.quicknews.activity.DetailsActivity_
ADDED from ZZBeiJingNews\QuickNews\AndroidManifest.xml:53:9-54:51
	android:theme
		ADDED from ZZBeiJingNews\QuickNews\AndroidManifest.xml:54:13-49
	android:name
		ADDED from ZZBeiJingNews\QuickNews\AndroidManifest.xml:53:19-60
activity#com.tiger.quicknews.activity.ImageDetailActivity_
ADDED from ZZBeiJingNews\QuickNews\AndroidManifest.xml:55:9-67
	android:name
		ADDED from ZZBeiJingNews\QuickNews\AndroidManifest.xml:55:19-64
activity#com.tiger.quicknews.activity.PhotoDetailActivity_
ADDED from ZZBeiJingNews\QuickNews\AndroidManifest.xml:56:9-67
	android:name
		ADDED from ZZBeiJingNews\QuickNews\AndroidManifest.xml:56:19-64
activity#com.tiger.quicknews.activity.TuPianActivity_
ADDED from ZZBeiJingNews\QuickNews\AndroidManifest.xml:57:9-62
	android:name
		ADDED from ZZBeiJingNews\QuickNews\AndroidManifest.xml:57:19-59
activity#com.tiger.quicknews.activity.VideoActivity_
ADDED from ZZBeiJingNews\QuickNews\AndroidManifest.xml:58:9-61
	android:name
		ADDED from ZZBeiJingNews\QuickNews\AndroidManifest.xml:58:19-58
activity#com.tiger.quicknews.activity.VideoPlayActivity_
ADDED from ZZBeiJingNews\QuickNews\AndroidManifest.xml:59:9-63:51
	android:screenOrientation
		ADDED from ZZBeiJingNews\QuickNews\AndroidManifest.xml:62:13-50
	android:launchMode
		ADDED from ZZBeiJingNews\QuickNews\AndroidManifest.xml:61:13-44
	android:theme
		ADDED from ZZBeiJingNews\QuickNews\AndroidManifest.xml:63:13-48
	android:name
		ADDED from ZZBeiJingNews\QuickNews\AndroidManifest.xml:60:13-56
activity#com.tiger.quicknews.activity.MessageActivity_
ADDED from ZZBeiJingNews\QuickNews\AndroidManifest.xml:64:9-63
	android:name
		ADDED from ZZBeiJingNews\QuickNews\AndroidManifest.xml:64:19-60
activity#com.tiger.quicknews.activity.WeatherActivity_
ADDED from ZZBeiJingNews\QuickNews\AndroidManifest.xml:65:9-63
	android:name
		ADDED from ZZBeiJingNews\QuickNews\AndroidManifest.xml:65:19-60
activity#com.tiger.quicknews.activity.ChooseCityActivity_
ADDED from ZZBeiJingNews\QuickNews\AndroidManifest.xml:66:9-68:55
	android:windowSoftInputMode
		ADDED from ZZBeiJingNews\QuickNews\AndroidManifest.xml:68:13-52
	android:name
		ADDED from ZZBeiJingNews\QuickNews\AndroidManifest.xml:67:13-57
activity#com.tiger.quicknews.activity.MoreActivity_
ADDED from ZZBeiJingNews\QuickNews\AndroidManifest.xml:69:9-59
	android:name
		ADDED from ZZBeiJingNews\QuickNews\AndroidManifest.xml:69:19-57
activity#com.tiger.quicknews.activity.TuPianSinaActivity_
ADDED from ZZBeiJingNews\QuickNews\AndroidManifest.xml:71:9-65
	android:name
		ADDED from ZZBeiJingNews\QuickNews\AndroidManifest.xml:71:19-63
activity#com.tiger.quicknews.activity.PicuterDetailActivity_
ADDED from ZZBeiJingNews\QuickNews\AndroidManifest.xml:73:9-68
	android:name
		ADDED from ZZBeiJingNews\QuickNews\AndroidManifest.xml:73:19-66
meta-data#UMENG_APPKEY
ADDED from ZZBeiJingNews\QuickNews\AndroidManifest.xml:76:9-101
	android:value
		ADDED from ZZBeiJingNews\QuickNews\AndroidManifest.xml:76:20-60
	android:name
		ADDED from ZZBeiJingNews\QuickNews\AndroidManifest.xml:76:61-88
meta-data#UMENG_CHANNEL
ADDED from ZZBeiJingNews\QuickNews\AndroidManifest.xml:77:9-71
	android:value
		ADDED from ZZBeiJingNews\QuickNews\AndroidManifest.xml:77:20-40
	android:name
		ADDED from ZZBeiJingNews\QuickNews\AndroidManifest.xml:77:41-69
service#com.umeng.update.net.DownloadingService
ADDED from ZZBeiJingNews\QuickNews\AndroidManifest.xml:78:9-81:19
	android:process
		ADDED from ZZBeiJingNews\QuickNews\AndroidManifest.xml:80:13-50
	android:name
		ADDED from ZZBeiJingNews\QuickNews\AndroidManifest.xml:79:13-67
activity#com.umeng.update.UpdateDialogActivity
ADDED from ZZBeiJingNews\QuickNews\AndroidManifest.xml:83:9-86:20
	android:theme
		ADDED from ZZBeiJingNews\QuickNews\AndroidManifest.xml:85:13-72
	android:name
		ADDED from ZZBeiJingNews\QuickNews\AndroidManifest.xml:84:13-65
activity#com.umeng.fb.ConversationActivity
ADDED from ZZBeiJingNews\QuickNews\AndroidManifest.xml:87:9-89:63
	android:theme
		ADDED from ZZBeiJingNews\QuickNews\AndroidManifest.xml:89:13-60
	android:name
		ADDED from ZZBeiJingNews\QuickNews\AndroidManifest.xml:88:13-61
activity#com.umeng.fb.ContactActivity
ADDED from ZZBeiJingNews\QuickNews\AndroidManifest.xml:90:9-92:63
	android:theme
		ADDED from ZZBeiJingNews\QuickNews\AndroidManifest.xml:92:13-60
	android:name
		ADDED from ZZBeiJingNews\QuickNews\AndroidManifest.xml:91:13-56